<?xml version="1.0" encoding="UTF-8"?>
<testsuite name="shawtest.github.UserServiceTest" tests="3" skipped="0" failures="0" errors="0" timestamp="2020-03-21T21:39:19" hostname="DESKTOP-UNU9LPI" time="0.02">
  <properties/>
  <testcase name="serviceShouldCallGetUserReposProperly" classname="shawtest.github.UserServiceTest" time="0.016"/>
  <testcase name="serviceShouldCallGetUserDetailsProperly" classname="shawtest.github.UserServiceTest" time="0.0"/>
  <testcase name="serviceShouldCallGetUsersProperly" classname="shawtest.github.UserServiceTest" time="0.001"/>
  <system-out><![CDATA[]]></system-out>
  <system-err><![CDATA[]]></system-err>
</testsuite>
